D:\FONTE\GitHub\AngularTourOfHeroes\AngularTourOfHeroes\src\app\app.component.js
D:\FONTE\GitHub\AngularTourOfHeroes\AngularTourOfHeroes\src\app\app.component.js.map
D:\FONTE\GitHub\AngularTourOfHeroes\AngularTourOfHeroes\src\app\app.module.js
D:\FONTE\GitHub\AngularTourOfHeroes\AngularTourOfHeroes\src\app\app.module.js.map
D:\FONTE\GitHub\AngularTourOfHeroes\AngularTourOfHeroes\src\main.js
D:\FONTE\GitHub\AngularTourOfHeroes\AngularTourOfHeroes\src\main.js.map
D:\FONTE\GitHub\AngularTourOfHeroes\AngularTourOfHeroes\src\app\app.component.spec.js
D:\FONTE\GitHub\AngularTourOfHeroes\AngularTourOfHeroes\src\app\app.component.spec.js.map
D:\FONTE\GitHub\AngularTourOfHeroes\AngularTourOfHeroes\src\app\app.component.js
D:\FONTE\GitHub\AngularTourOfHeroes\AngularTourOfHeroes\src\app\app.component.js.map
D:\FONTE\GitHub\AngularTourOfHeroes\AngularTourOfHeroes\src\app\app.module.js
D:\FONTE\GitHub\AngularTourOfHeroes\AngularTourOfHeroes\src\app\app.module.js.map
D:\FONTE\GitHub\AngularTourOfHeroes\AngularTourOfHeroes\src\main.js
D:\FONTE\GitHub\AngularTourOfHeroes\AngularTourOfHeroes\src\main.js.map
D:\FONTE\GitHub\AngularTourOfHeroes\AngularTourOfHeroes\src\app\app.component.spec.js
D:\FONTE\GitHub\AngularTourOfHeroes\AngularTourOfHeroes\src\app\app.component.spec.js.map
D:\FONTE\GitHub\AngularTourOfHeroes\AngularTourOfHeroes\src\app\app.component.js
D:\FONTE\GitHub\AngularTourOfHeroes\AngularTourOfHeroes\src\app\app.component.js.map
D:\FONTE\GitHub\AngularTourOfHeroes\AngularTourOfHeroes\src\app\app.module.js
D:\FONTE\GitHub\AngularTourOfHeroes\AngularTourOfHeroes\src\app\app.module.js.map
D:\FONTE\GitHub\AngularTourOfHeroes\AngularTourOfHeroes\src\main.js
D:\FONTE\GitHub\AngularTourOfHeroes\AngularTourOfHeroes\src\main.js.map
D:\FONTE\GitHub\AngularTourOfHeroes\AngularTourOfHeroes\src\app\app.component.spec.js
D:\FONTE\GitHub\AngularTourOfHeroes\AngularTourOfHeroes\src\app\app.component.spec.js.map
